<?xml version="1.0" encoding="UTF-8"?>
<!-- Generated by org.testng.reporters.JUnitReportReporter -->
<testsuite hostname="LAPTOP-A8VBRVT9" failures="0" tests="2" name="e2eProject.finalDemo.loginTestCase" time="13.639" errors="0" timestamp="2021-12-14T20:07:01 IST" skipped="0">
  <testcase classname="e2eProject.finalDemo.loginTestCase" name="Basepagenavigation" time="7.115"/>
  <system-out/>
  <testcase classname="e2eProject.finalDemo.loginTestCase" name="Basepagenavigation" time="6.524"/>
  <system-out/>
</testsuite> <!-- e2eProject.finalDemo.loginTestCase -->
